This is pdfTeX, Version 3.14159265-2.6-1.40.21 (TeX Live 2020/W32TeX) (preloaded format=pdflatex 2021.1.29)  13 SEP 2021 08:54
entering extended mode
 restricted \write18 enabled.
 file:line:error style messages enabled.
 %&-line parsing enabled.
**"c:/Users/triri/OneDrive - HKUST/a2_teach/2022MOOC/LN2020/1_special_relativity.tex"
(c:/Users/triri/OneDrive - HKUST/a2_teach/2022MOOC/LN2020/1_special_relativity.tex
LaTeX2e <2020-02-02> patch level 5
L3 programming layer <2020-03-06> (./structure.tex (c:/texlive/2020/texmf-dist/tex/latex/base/article.cls
Document Class: article 2019/12/20 v1.4l Standard LaTeX document class
(c:/texlive/2020/texmf-dist/tex/latex/base/size10.clo
File: size10.clo 2019/12/20 v1.4l Standard LaTeX file (size option)
)
\c@part=\count167
\c@section=\count168
\c@subsection=\count169
\c@subsubsection=\count170
\c@paragraph=\count171
\c@subparagraph=\count172
\c@figure=\count173
\c@table=\count174
\abovecaptionskip=\skip47
\belowcaptionskip=\skip48
\bibindent=\dimen134
) (c:/texlive/2020/texmf-dist/tex/latex/amsmath/amsmath.sty
Package: amsmath 2020/01/20 v2.17e AMS math features
\@mathmargin=\skip49

For additional information on amsmath, use the `?' option.
(c:/texlive/2020/texmf-dist/tex/latex/amsmath/amstext.sty
Package: amstext 2000/06/29 v2.01 AMS text
 (c:/texlive/2020/texmf-dist/tex/latex/amsmath/amsgen.sty
File: amsgen.sty 1999/11/30 v2.0 generic functions
\@emptytoks=\toks15
\ex@=\dimen135
)) (c:/texlive/2020/texmf-dist/tex/latex/amsmath/amsbsy.sty
Package: amsbsy 1999/11/29 v1.2d Bold Symbols
\pmbraise@=\dimen136
) (c:/texlive/2020/texmf-dist/tex/latex/amsmath/amsopn.sty
Package: amsopn 2016/03/08 v2.02 operator names
)
\inf@bad=\count175
LaTeX Info: Redefining \frac on input line 227.
\uproot@=\count176
\leftroot@=\count177
LaTeX Info: Redefining \overline on input line 389.
\classnum@=\count178
\DOTSCASE@=\count179
LaTeX Info: Redefining \ldots on input line 486.
LaTeX Info: Redefining \dots on input line 489.
LaTeX Info: Redefining \cdots on input line 610.
\Mathstrutbox@=\box45
\strutbox@=\box46
\big@size=\dimen137
LaTeX Font Info:    Redeclaring font encoding OML on input line 733.
LaTeX Font Info:    Redeclaring font encoding OMS on input line 734.
\macc@depth=\count180
\c@MaxMatrixCols=\count181
\dotsspace@=\muskip16
\c@parentequation=\count182
\dspbrk@lvl=\count183
\tag@help=\toks16
\row@=\count184
\column@=\count185
\maxfields@=\count186
\andhelp@=\toks17
\eqnshift@=\dimen138
\alignsep@=\dimen139
\tagshift@=\dimen140
\tagwidth@=\dimen141
\totwidth@=\dimen142
\lineht@=\dimen143
\@envbody=\toks18
\multlinegap=\skip50
\multlinetaggap=\skip51
\mathdisplay@stack=\toks19
LaTeX Info: Redefining \[ on input line 2859.
LaTeX Info: Redefining \] on input line 2860.
) (c:/texlive/2020/texmf-dist/tex/latex/amsfonts/amssymb.sty
Package: amssymb 2013/01/14 v3.01 AMS font symbols
 (c:/texlive/2020/texmf-dist/tex/latex/amsfonts/amsfonts.sty
Package: amsfonts 2013/01/14 v3.01 Basic AMSFonts support
\symAMSa=\mathgroup4
\symAMSb=\mathgroup5
LaTeX Font Info:    Redeclaring math symbol \hbar on input line 98.
LaTeX Font Info:    Overwriting math alphabet `\mathfrak' in version `bold'
(Font)                  U/euf/m/n --> U/euf/b/n on input line 106.
)) (c:/texlive/2020/texmf-dist/tex/latex/graphics/graphicx.sty
Package: graphicx 2019/11/30 v1.2a Enhanced LaTeX Graphics (DPC,SPQR)
 (c:/texlive/2020/texmf-dist/tex/latex/graphics/keyval.sty
Package: keyval 2014/10/28 v1.15 key=value parser (DPC)
\KV@toks@=\toks20
) (c:/texlive/2020/texmf-dist/tex/latex/graphics/graphics.sty
Package: graphics 2019/11/30 v1.4a Standard LaTeX Graphics (DPC,SPQR)
 (c:/texlive/2020/texmf-dist/tex/latex/graphics/trig.sty
Package: trig 2016/01/03 v1.10 sin cos tan (DPC)
) (c:/texlive/2020/texmf-dist/tex/latex/graphics-cfg/graphics.cfg
File: graphics.cfg 2016/06/04 v1.11 sample graphics configuration
)
Package graphics Info: Driver file: pdftex.def on input line 105.
 (c:/texlive/2020/texmf-dist/tex/latex/graphics-def/pdftex.def
File: pdftex.def 2018/01/08 v1.0l Graphics/color driver for pdftex
))
\Gin@req@height=\dimen144
\Gin@req@width=\dimen145
) (c:/texlive/2020/texmf-dist/tex/latex/graphics/color.sty
Package: color 2019/11/23 v1.2a Standard LaTeX Color (DPC)
 (c:/texlive/2020/texmf-dist/tex/latex/graphics-cfg/color.cfg
File: color.cfg 2016/01/02 v1.6 sample color configuration
)
Package color Info: Driver file: pdftex.def on input line 147.
) (c:/texlive/2020/texmf-dist/tex/latex/carlisle/slashed.sty
Package: slashed 1997/01/16 v0.01 Feynman Slashed Character Notation (DPC)
) (c:/texlive/2020/texmf-dist/tex/latex/microtype/microtype.sty
Package: microtype 2019/11/18 v2.7d Micro-typographical refinements (RS)
\MT@toks=\toks21
\MT@count=\count187
LaTeX Info: Redefining \textls on input line 790.
\MT@outer@kern=\dimen146
LaTeX Info: Redefining \textmicrotypecontext on input line 1354.
\MT@listname@count=\count188
 (c:/texlive/2020/texmf-dist/tex/latex/microtype/microtype-pdftex.def
File: microtype-pdftex.def 2019/11/18 v2.7d Definitions specific to pdftex (RS)
LaTeX Info: Redefining \lsstyle on input line 914.
LaTeX Info: Redefining \lslig on input line 914.
\MT@outer@space=\skip52
)
Package microtype Info: Loading configuration file microtype.cfg.
 (c:/texlive/2020/texmf-dist/tex/latex/microtype/microtype.cfg
File: microtype.cfg 2019/11/18 v2.7d microtype main configuration file (RS)
)) (c:/texlive/2020/texmf-dist/tex/latex/parskip/parskip.sty
Package: parskip 2020-01-22 v2.0d non-zero parskip adjustments
 (c:/texlive/2020/texmf-dist/tex/latex/kvoptions/kvoptions.sty
Package: kvoptions 2019/11/29 v3.13 Key value format for package options (HO)
 (c:/texlive/2020/texmf-dist/tex/generic/ltxcmds/ltxcmds.sty
Package: ltxcmds 2019/12/15 v1.24 LaTeX kernel commands for general use (HO)
) (c:/texlive/2020/texmf-dist/tex/generic/kvsetkeys/kvsetkeys.sty
Package: kvsetkeys 2019/12/15 v1.18 Key value parser (HO)
)) (c:/texlive/2020/texmf-dist/tex/latex/etoolbox/etoolbox.sty
Package: etoolbox 2019/09/21 v2.5h e-TeX tools for LaTeX (JAW)
\etb@tempcnta=\count189
)) (c:/texlive/2020/texmf-dist/tex/latex/enumitem/enumitem.sty
Package: enumitem 2019/06/20 v3.9 Customized lists
\labelindent=\skip53
\enit@outerparindent=\dimen147
\enit@toks=\toks22
\enit@inbox=\box47
\enit@count@id=\count190
\enitdp@description=\count191
) (c:/texlive/2020/texmf-dist/tex/latex/extarrows/extarrows.sty
Package: extarrows 2020/03/12 v1.2.0 Some extensible arrows
) (c:/texlive/2020/texmf-dist/tex/latex/needspace/needspace.sty
Package: needspace 2010/09/12 v1.3d reserve vertical space
) (c:/texlive/2020/texmf-dist/tex/latex/geometry/geometry.sty
Package: geometry 2020/01/02 v5.9 Page Geometry
 (c:/texlive/2020/texmf-dist/tex/generic/iftex/ifvtex.sty
Package: ifvtex 2019/10/25 v1.7 ifvtex legacy package. Use iftex instead.
 (c:/texlive/2020/texmf-dist/tex/generic/iftex/iftex.sty
Package: iftex 2020/03/06 v1.0d TeX engine tests
))
\Gm@cnth=\count192
\Gm@cntv=\count193
\c@Gm@tempcnt=\count194
\Gm@bindingoffset=\dimen148
\Gm@wd@mp=\dimen149
\Gm@odd@mp=\dimen150
\Gm@even@mp=\dimen151
\Gm@layoutwidth=\dimen152
\Gm@layoutheight=\dimen153
\Gm@layouthoffset=\dimen154
\Gm@layoutvoffset=\dimen155
\Gm@dimlist=\toks23
) (c:/texlive/2020/texmf-dist/tex/latex/marginnote/marginnote.sty
Package: marginnote 2018/08/09 v1.4b non floating margin notes for LaTeX
\c@mn@abspage=\count195
) (c:/texlive/2020/texmf-dist/tex/latex/hyperref/hyperref.sty
Package: hyperref 2020/01/14 v7.00d Hypertext links for LaTeX
 (c:/texlive/2020/texmf-dist/tex/latex/pdftexcmds/pdftexcmds.sty
Package: pdftexcmds 2019/11/24 v0.31 Utility functions of pdfTeX for LuaTeX (HO)
 (c:/texlive/2020/texmf-dist/tex/generic/infwarerr/infwarerr.sty
Package: infwarerr 2019/12/03 v1.5 Providing info/warning/error messages (HO)
)
Package pdftexcmds Info: \pdf@primitive is available.
Package pdftexcmds Info: \pdf@ifprimitive is available.
Package pdftexcmds Info: \pdfdraftmode found.
) (c:/texlive/2020/texmf-dist/tex/generic/kvdefinekeys/kvdefinekeys.sty
Package: kvdefinekeys 2019-12-19 v1.6 Define keys (HO)
) (c:/texlive/2020/texmf-dist/tex/generic/pdfescape/pdfescape.sty
Package: pdfescape 2019/12/09 v1.15 Implements pdfTeX's escape features (HO)
) (c:/texlive/2020/texmf-dist/tex/latex/hycolor/hycolor.sty
Package: hycolor 2020-01-27 v1.10 Color options for hyperref/bookmark (HO)
) (c:/texlive/2020/texmf-dist/tex/latex/letltxmacro/letltxmacro.sty
Package: letltxmacro 2019/12/03 v1.6 Let assignment for LaTeX macros (HO)
) (c:/texlive/2020/texmf-dist/tex/latex/auxhook/auxhook.sty
Package: auxhook 2019-12-17 v1.6 Hooks for auxiliary files (HO)
)
\@linkdim=\dimen156
\Hy@linkcounter=\count196
\Hy@pagecounter=\count197
 (c:/texlive/2020/texmf-dist/tex/latex/hyperref/pd1enc.def
File: pd1enc.def 2020/01/14 v7.00d Hyperref: PDFDocEncoding definition (HO)
Now handling font encoding PD1 ...
... no UTF-8 mapping file for font encoding PD1
) (c:/texlive/2020/texmf-dist/tex/generic/intcalc/intcalc.sty
Package: intcalc 2019/12/15 v1.3 Expandable calculations with integers (HO)
) (c:/texlive/2020/texmf-dist/tex/generic/etexcmds/etexcmds.sty
Package: etexcmds 2019/12/15 v1.7 Avoid name clashes with e-TeX commands (HO)
)
\Hy@SavedSpaceFactor=\count198
Package hyperref Info: Hyper figures OFF on input line 4547.
Package hyperref Info: Link nesting OFF on input line 4552.
Package hyperref Info: Hyper index ON on input line 4555.
Package hyperref Info: Plain pages OFF on input line 4562.
Package hyperref Info: Backreferencing OFF on input line 4567.
Package hyperref Info: Implicit mode ON; LaTeX internals redefined.
Package hyperref Info: Bookmarks ON on input line 4800.
\c@Hy@tempcnt=\count199
 (c:/texlive/2020/texmf-dist/tex/latex/url/url.sty
\Urlmuskip=\muskip17
Package: url 2013/09/16  ver 3.4  Verb mode for urls, etc.
)
LaTeX Info: Redefining \url on input line 5159.
\XeTeXLinkMargin=\dimen157
 (c:/texlive/2020/texmf-dist/tex/generic/bitset/bitset.sty
Package: bitset 2019/12/09 v1.3 Handle bit-vector datatype (HO)
 (c:/texlive/2020/texmf-dist/tex/generic/bigintcalc/bigintcalc.sty
Package: bigintcalc 2019/12/15 v1.5 Expandable calculations on big integers (HO)
))
\Fld@menulength=\count266
\Field@Width=\dimen158
\Fld@charsize=\dimen159
Package hyperref Info: Hyper figures OFF on input line 6430.
Package hyperref Info: Link nesting OFF on input line 6435.
Package hyperref Info: Hyper index ON on input line 6438.
Package hyperref Info: backreferencing OFF on input line 6445.
Package hyperref Info: Link coloring OFF on input line 6450.
Package hyperref Info: Link coloring with OCG OFF on input line 6455.
Package hyperref Info: PDF/A mode OFF on input line 6460.
LaTeX Info: Redefining \ref on input line 6500.
LaTeX Info: Redefining \pageref on input line 6504.
 (c:/texlive/2020/texmf-dist/tex/generic/atbegshi/atbegshi.sty
Package: atbegshi 2019/12/05 v1.19 At begin shipout hook (HO)
)
\Hy@abspage=\count267
\c@Item=\count268
\c@Hfootnote=\count269
)
Package hyperref Info: Driver (autodetected): hpdftex.
 (c:/texlive/2020/texmf-dist/tex/latex/hyperref/hpdftex.def
File: hpdftex.def 2020/01/14 v7.00d Hyperref driver for pdfTeX
 (c:/texlive/2020/texmf-dist/tex/latex/atveryend/atveryend.sty
Package: atveryend 2019-12-11 v1.11 Hooks at the very end of document (HO)
)
\Fld@listcount=\count270
\c@bookmark@seq@number=\count271
 (c:/texlive/2020/texmf-dist/tex/latex/rerunfilecheck/rerunfilecheck.sty
Package: rerunfilecheck 2019/12/05 v1.9 Rerun checks for auxiliary files (HO)
 (c:/texlive/2020/texmf-dist/tex/generic/uniquecounter/uniquecounter.sty
Package: uniquecounter 2019/12/15 v1.4 Provide unlimited unique counter (HO)
)
Package uniquecounter Info: New unique counter `rerunfilecheck' on input line 286.
)
\Hy@SectionHShift=\skip54
)
Package hyperref Info: Option `colorlinks' set `true' on input line 14.
 (c:/texlive/2020/texmf-dist/tex/latex/imakeidx/imakeidx.sty
Package: imakeidx 2016/10/15 v1.3e Package for typesetting indices in a synchronous mode
 (c:/texlive/2020/texmf-dist/tex/latex/xkeyval/xkeyval.sty
Package: xkeyval 2014/12/03 v2.7a package option processing (HA)
 (c:/texlive/2020/texmf-dist/tex/generic/xkeyval/xkeyval.tex (c:/texlive/2020/texmf-dist/tex/generic/xkeyval/xkvutils.tex
\XKV@toks=\toks24
\XKV@tempa@toks=\toks25
)
\XKV@depth=\count272
File: xkeyval.tex 2014/12/03 v2.7a key=value parser (HA)
)) (c:/texlive/2020/texmf-dist/tex/generic/iftex/ifxetex.sty
Package: ifxetex 2019/10/25 v0.7 ifxetex legacy package. Use iftex instead.
) (c:/texlive/2020/texmf-dist/tex/generic/iftex/ifluatex.sty
Package: ifluatex 2019/10/25 v1.5 ifluatex legacy package. Use iftex instead.
) (c:/texlive/2020/texmf-dist/tex/latex/tools/multicol.sty
Package: multicol 2019/12/09 v1.8y multicolumn formatting (FMi)
\c@tracingmulticols=\count273
\mult@box=\box48
\multicol@leftmargin=\dimen160
\c@unbalance=\count274
\c@collectmore=\count275
\doublecol@number=\count276
\multicoltolerance=\count277
\multicolpretolerance=\count278
\full@width=\dimen161
\page@free=\dimen162
\premulticols=\dimen163
\postmulticols=\dimen164
\multicolsep=\skip55
\multicolbaselineskip=\skip56
\partial@page=\box49
\last@line=\box50
\maxbalancingoverflow=\dimen165
\mult@rightbox=\box51
\mult@grightbox=\box52
\mult@gfirstbox=\box53
\mult@firstbox=\box54
\@tempa=\box55
\@tempa=\box56
\@tempa=\box57
\@tempa=\box58
\@tempa=\box59
\@tempa=\box60
\@tempa=\box61
\@tempa=\box62
\@tempa=\box63
\@tempa=\box64
\@tempa=\box65
\@tempa=\box66
\@tempa=\box67
\@tempa=\box68
\@tempa=\box69
\@tempa=\box70
\@tempa=\box71
\@tempa=\box72
\@tempa=\box73
\@tempa=\box74
\@tempa=\box75
\@tempa=\box76
\@tempa=\box77
\@tempa=\box78
\@tempa=\box79
\@tempa=\box80
\@tempa=\box81
\@tempa=\box82
\@tempa=\box83
\@tempa=\box84
\@tempa=\box85
\@tempa=\box86
\@tempa=\box87
\@tempa=\box88
\@tempa=\box89
\@tempa=\box90
\@tempa=\box91
\c@minrows=\count279
\c@columnbadness=\count280
\c@finalcolumnbadness=\count281
\last@try=\dimen166
\multicolovershoot=\dimen167
\multicolundershoot=\dimen168
\mult@nat@firstbox=\box92
\colbreak@box=\box93
\mc@col@check@num=\count282
))
\1_special_relativity@idxfile=\write3
\openout3 = `1_special_relativity.idx'.


Writing index file 1_special_relativity.idx
(c:/texlive/2020/texmf-dist/tex/latex/xcolor/xcolor.sty
Package: xcolor 2016/05/11 v2.12 LaTeX color extensions (UK)
 (c:/texlive/2020/texmf-dist/tex/latex/graphics-cfg/color.cfg
File: color.cfg 2016/01/02 v1.6 sample color configuration
)
Package xcolor Info: Driver file: pdftex.def on input line 225.
LaTeX Info: Redefining \color on input line 709.
Package xcolor Info: Model `cmy' substituted by `cmy0' on input line 1348.
Package xcolor Info: Model `hsb' substituted by `rgb' on input line 1352.
Package xcolor Info: Model `RGB' extended on input line 1364.
Package xcolor Info: Model `HTML' substituted by `rgb' on input line 1366.
Package xcolor Info: Model `Hsb' substituted by `hsb' on input line 1367.
Package xcolor Info: Model `tHsb' substituted by `hsb' on input line 1368.
Package xcolor Info: Model `HSB' substituted by `hsb' on input line 1369.
Package xcolor Info: Model `Gray' substituted by `gray' on input line 1370.
Package xcolor Info: Model `wave' substituted by `hsb' on input line 1371.
 (c:/texlive/2020/texmf-dist/tex/latex/xcolor/svgnam.def
File: svgnam.def 2016/05/11 v2.12 Predefined colors according to SVG 1.1 (UK)
)) (c:/texlive/2020/texmf-dist/tex/latex/titling/titling.sty
Package: titling 2009/09/04 v2.1d maketitle typesetting
\thanksmarkwidth=\skip57
\thanksmargin=\skip58
\droptitle=\skip59
) (c:/texlive/2020/texmf-dist/tex/latex/titlesec/titlesec.sty
Package: titlesec 2019/10/16 v2.13 Sectioning titles
\ttl@box=\box94
\beforetitleunit=\skip60
\aftertitleunit=\skip61
\ttl@plus=\dimen169
\ttl@minus=\dimen170
\ttl@toksa=\toks26
\titlewidth=\dimen171
\titlewidthlast=\dimen172
\titlewidthfirst=\dimen173
) (c:/texlive/2020/texmf-dist/tex/latex/tcolorbox/tcolorbox.sty
Package: tcolorbox 2019/11/15 version 4.22 text color boxes
 (c:/texlive/2020/texmf-dist/tex/latex/pgf/basiclayer/pgf.sty (c:/texlive/2020/texmf-dist/tex/latex/pgf/utilities/pgfrcs.sty (c:/texlive/2020/texmf-dist/tex/generic/pgf/utilities/pgfutil-common.tex
\pgfutil@everybye=\toks27
\pgfutil@tempdima=\dimen174
\pgfutil@tempdimb=\dimen175
 (c:/texlive/2020/texmf-dist/tex/generic/pgf/utilities/pgfutil-common-lists.tex)) (c:/texlive/2020/texmf-dist/tex/generic/pgf/utilities/pgfutil-latex.def
\pgfutil@abb=\box95
 (c:/texlive/2020/texmf-dist/tex/latex/ms/everyshi.sty
Package: everyshi 2001/05/15 v3.00 EveryShipout Package (MS)
)) (c:/texlive/2020/texmf-dist/tex/generic/pgf/utilities/pgfrcs.code.tex (c:/texlive/2020/texmf-dist/tex/generic/pgf/pgf.revision.tex)
Package: pgfrcs 2020/01/08 v3.1.5b (3.1.5b)
))
Package: pgf 2020/01/08 v3.1.5b (3.1.5b)
 (c:/texlive/2020/texmf-dist/tex/latex/pgf/basiclayer/pgfcore.sty (c:/texlive/2020/texmf-dist/tex/latex/pgf/systemlayer/pgfsys.sty (c:/texlive/2020/texmf-dist/tex/generic/pgf/systemlayer/pgfsys.code.tex
Package: pgfsys 2020/01/08 v3.1.5b (3.1.5b)
 (c:/texlive/2020/texmf-dist/tex/generic/pgf/utilities/pgfkeys.code.tex
\pgfkeys@pathtoks=\toks28
\pgfkeys@temptoks=\toks29
 (c:/texlive/2020/texmf-dist/tex/generic/pgf/utilities/pgfkeysfiltered.code.tex
\pgfkeys@tmptoks=\toks30
))
\pgf@x=\dimen176
\pgf@y=\dimen177
\pgf@xa=\dimen178
\pgf@ya=\dimen179
\pgf@xb=\dimen180
\pgf@yb=\dimen181
\pgf@xc=\dimen182
\pgf@yc=\dimen183
\pgf@xd=\dimen184
\pgf@yd=\dimen185
\w@pgf@writea=\write4
\r@pgf@reada=\read2
\c@pgf@counta=\count283
\c@pgf@countb=\count284
\c@pgf@countc=\count285
\c@pgf@countd=\count286
\t@pgf@toka=\toks31
\t@pgf@tokb=\toks32
\t@pgf@tokc=\toks33
\pgf@sys@id@count=\count287
 (c:/texlive/2020/texmf-dist/tex/generic/pgf/systemlayer/pgf.cfg
File: pgf.cfg 2020/01/08 v3.1.5b (3.1.5b)
)
Driver file for pgf: pgfsys-pdftex.def
 (c:/texlive/2020/texmf-dist/tex/generic/pgf/systemlayer/pgfsys-pdftex.def
File: pgfsys-pdftex.def 2020/01/08 v3.1.5b (3.1.5b)
 (c:/texlive/2020/texmf-dist/tex/generic/pgf/systemlayer/pgfsys-common-pdf.def
File: pgfsys-common-pdf.def 2020/01/08 v3.1.5b (3.1.5b)
))) (c:/texlive/2020/texmf-dist/tex/generic/pgf/systemlayer/pgfsyssoftpath.code.tex
File: pgfsyssoftpath.code.tex 2020/01/08 v3.1.5b (3.1.5b)
\pgfsyssoftpath@smallbuffer@items=\count288
\pgfsyssoftpath@bigbuffer@items=\count289
) (c:/texlive/2020/texmf-dist/tex/generic/pgf/systemlayer/pgfsysprotocol.code.tex
File: pgfsysprotocol.code.tex 2020/01/08 v3.1.5b (3.1.5b)
)) (c:/texlive/2020/texmf-dist/tex/generic/pgf/basiclayer/pgfcore.code.tex
Package: pgfcore 2020/01/08 v3.1.5b (3.1.5b)
 (c:/texlive/2020/texmf-dist/tex/generic/pgf/math/pgfmath.code.tex (c:/texlive/2020/texmf-dist/tex/generic/pgf/math/pgfmathcalc.code.tex (c:/texlive/2020/texmf-dist/tex/generic/pgf/math/pgfmathutil.code.tex) (c:/texlive/2020/texmf-dist/tex/generic/pgf/math/pgfmathparser.code.tex
\pgfmath@dimen=\dimen186
\pgfmath@count=\count290
\pgfmath@box=\box96
\pgfmath@toks=\toks34
\pgfmath@stack@operand=\toks35
\pgfmath@stack@operation=\toks36
) (c:/texlive/2020/texmf-dist/tex/generic/pgf/math/pgfmathfunctions.code.tex (c:/texlive/2020/texmf-dist/tex/generic/pgf/math/pgfmathfunctions.basic.code.tex) (c:/texlive/2020/texmf-dist/tex/generic/pgf/math/pgfmathfunctions.trigonometric.code.tex) (c:/texlive/2020/texmf-dist/tex/generic/pgf/math/pgfmathfunctions.random.code.tex) (c:/texlive/2020/texmf-dist/tex/generic/pgf/math/pgfmathfunctions.comparison.code.tex) (c:/texlive/2020/texmf-dist/tex/generic/pgf/math/pgfmathfunctions.base.code.tex) (c:/texlive/2020/texmf-dist/tex/generic/pgf/math/pgfmathfunctions.round.code.tex) (c:/texlive/2020/texmf-dist/tex/generic/pgf/math/pgfmathfunctions.misc.code.tex) (c:/texlive/2020/texmf-dist/tex/generic/pgf/math/pgfmathfunctions.integerarithmetics.code.tex))) (c:/texlive/2020/texmf-dist/tex/generic/pgf/math/pgfmathfloat.code.tex
\c@pgfmathroundto@lastzeros=\count291
)) (c:/texlive/2020/texmf-dist/tex/generic/pgf/math/pgfint.code.tex) (c:/texlive/2020/texmf-dist/tex/generic/pgf/basiclayer/pgfcorepoints.code.tex
File: pgfcorepoints.code.tex 2020/01/08 v3.1.5b (3.1.5b)
\pgf@picminx=\dimen187
\pgf@picmaxx=\dimen188
\pgf@picminy=\dimen189
\pgf@picmaxy=\dimen190
\pgf@pathminx=\dimen191
\pgf@pathmaxx=\dimen192
\pgf@pathminy=\dimen193
\pgf@pathmaxy=\dimen194
\pgf@xx=\dimen195
\pgf@xy=\dimen196
\pgf@yx=\dimen197
\pgf@yy=\dimen198
\pgf@zx=\dimen199
\pgf@zy=\dimen256
) (c:/texlive/2020/texmf-dist/tex/generic/pgf/basiclayer/pgfcorepathconstruct.code.tex
File: pgfcorepathconstruct.code.tex 2020/01/08 v3.1.5b (3.1.5b)
\pgf@path@lastx=\dimen257
\pgf@path@lasty=\dimen258
) (c:/texlive/2020/texmf-dist/tex/generic/pgf/basiclayer/pgfcorepathusage.code.tex
File: pgfcorepathusage.code.tex 2020/01/08 v3.1.5b (3.1.5b)
\pgf@shorten@end@additional=\dimen259
\pgf@shorten@start@additional=\dimen260
) (c:/texlive/2020/texmf-dist/tex/generic/pgf/basiclayer/pgfcorescopes.code.tex
File: pgfcorescopes.code.tex 2020/01/08 v3.1.5b (3.1.5b)
\pgfpic=\box97
\pgf@hbox=\box98
\pgf@layerbox@main=\box99
\pgf@picture@serial@count=\count292
) (c:/texlive/2020/texmf-dist/tex/generic/pgf/basiclayer/pgfcoregraphicstate.code.tex
File: pgfcoregraphicstate.code.tex 2020/01/08 v3.1.5b (3.1.5b)
\pgflinewidth=\dimen261
) (c:/texlive/2020/texmf-dist/tex/generic/pgf/basiclayer/pgfcoretransformations.code.tex
File: pgfcoretransformations.code.tex 2020/01/08 v3.1.5b (3.1.5b)
\pgf@pt@x=\dimen262
\pgf@pt@y=\dimen263
\pgf@pt@temp=\dimen264
) (c:/texlive/2020/texmf-dist/tex/generic/pgf/basiclayer/pgfcorequick.code.tex
File: pgfcorequick.code.tex 2020/01/08 v3.1.5b (3.1.5b)
) (c:/texlive/2020/texmf-dist/tex/generic/pgf/basiclayer/pgfcoreobjects.code.tex
File: pgfcoreobjects.code.tex 2020/01/08 v3.1.5b (3.1.5b)
) (c:/texlive/2020/texmf-dist/tex/generic/pgf/basiclayer/pgfcorepathprocessing.code.tex
File: pgfcorepathprocessing.code.tex 2020/01/08 v3.1.5b (3.1.5b)
) (c:/texlive/2020/texmf-dist/tex/generic/pgf/basiclayer/pgfcorearrows.code.tex
File: pgfcorearrows.code.tex 2020/01/08 v3.1.5b (3.1.5b)
\pgfarrowsep=\dimen265
) (c:/texlive/2020/texmf-dist/tex/generic/pgf/basiclayer/pgfcoreshade.code.tex
File: pgfcoreshade.code.tex 2020/01/08 v3.1.5b (3.1.5b)
\pgf@max=\dimen266
\pgf@sys@shading@range@num=\count293
\pgf@shadingcount=\count294
) (c:/texlive/2020/texmf-dist/tex/generic/pgf/basiclayer/pgfcoreimage.code.tex
File: pgfcoreimage.code.tex 2020/01/08 v3.1.5b (3.1.5b)
 (c:/texlive/2020/texmf-dist/tex/generic/pgf/basiclayer/pgfcoreexternal.code.tex
File: pgfcoreexternal.code.tex 2020/01/08 v3.1.5b (3.1.5b)
\pgfexternal@startupbox=\box100
)) (c:/texlive/2020/texmf-dist/tex/generic/pgf/basiclayer/pgfcorelayers.code.tex
File: pgfcorelayers.code.tex 2020/01/08 v3.1.5b (3.1.5b)
) (c:/texlive/2020/texmf-dist/tex/generic/pgf/basiclayer/pgfcoretransparency.code.tex
File: pgfcoretransparency.code.tex 2020/01/08 v3.1.5b (3.1.5b)
) (c:/texlive/2020/texmf-dist/tex/generic/pgf/basiclayer/pgfcorepatterns.code.tex
File: pgfcorepatterns.code.tex 2020/01/08 v3.1.5b (3.1.5b)
) (c:/texlive/2020/texmf-dist/tex/generic/pgf/basiclayer/pgfcorerdf.code.tex
File: pgfcorerdf.code.tex 2020/01/08 v3.1.5b (3.1.5b)
))) (c:/texlive/2020/texmf-dist/tex/generic/pgf/modules/pgfmoduleshapes.code.tex
File: pgfmoduleshapes.code.tex 2020/01/08 v3.1.5b (3.1.5b)
\pgfnodeparttextbox=\box101
) (c:/texlive/2020/texmf-dist/tex/generic/pgf/modules/pgfmoduleplot.code.tex
File: pgfmoduleplot.code.tex 2020/01/08 v3.1.5b (3.1.5b)
) (c:/texlive/2020/texmf-dist/tex/latex/pgf/compatibility/pgfcomp-version-0-65.sty
Package: pgfcomp-version-0-65 2020/01/08 v3.1.5b (3.1.5b)
\pgf@nodesepstart=\dimen267
\pgf@nodesepend=\dimen268
) (c:/texlive/2020/texmf-dist/tex/latex/pgf/compatibility/pgfcomp-version-1-18.sty
Package: pgfcomp-version-1-18 2020/01/08 v3.1.5b (3.1.5b)
)) (c:/texlive/2020/texmf-dist/tex/latex/tools/verbatim.sty
Package: verbatim 2019/11/10 v1.5r LaTeX2e package for verbatim enhancements
\every@verbatim=\toks37
\verbatim@line=\toks38
\verbatim@in@stream=\read3
) (c:/texlive/2020/texmf-dist/tex/latex/environ/environ.sty
Package: environ 2014/05/04 v0.3 A new way to define environments
 (c:/texlive/2020/texmf-dist/tex/latex/trimspaces/trimspaces.sty
Package: trimspaces 2009/09/17 v1.1 Trim spaces around a token list
))
\tcb@titlebox=\box102
\tcb@upperbox=\box103
\tcb@lowerbox=\box104
\tcb@phantombox=\box105
\c@tcbbreakpart=\count295
\c@tcblayer=\count296
\tcolorbox@number=\count297
\tcb@temp=\box106
\tcb@temp=\box107
\tcb@temp=\box108
\tcb@temp=\box109
\tcb@out=\write5
\tcb@record@out=\write6
 (c:/texlive/2020/texmf-dist/tex/latex/tcolorbox/tcbraster.code.tex
Library (tcolorbox): 'tcbraster.code.tex' version '4.22'
\c@tcbrastercolumn=\count298
\c@tcbrasterrow=\count299
\c@tcbraster=\count300
) (c:/texlive/2020/texmf-dist/tex/latex/tcolorbox/tcbskins.code.tex
Library (tcolorbox): 'tcbskins.code.tex' version '4.22'
(c:/texlive/2020/texmf-dist/tex/latex/pgf/frontendlayer/tikz.sty (c:/texlive/2020/texmf-dist/tex/latex/pgf/utilities/pgffor.sty (c:/texlive/2020/texmf-dist/tex/latex/pgf/utilities/pgfkeys.sty (c:/texlive/2020/texmf-dist/tex/generic/pgf/utilities/pgfkeys.code.tex)) (c:/texlive/2020/texmf-dist/tex/latex/pgf/math/pgfmath.sty (c:/texlive/2020/texmf-dist/tex/generic/pgf/math/pgfmath.code.tex)) (c:/texlive/2020/texmf-dist/tex/generic/pgf/utilities/pgffor.code.tex
Package: pgffor 2020/01/08 v3.1.5b (3.1.5b)
 (c:/texlive/2020/texmf-dist/tex/generic/pgf/math/pgfmath.code.tex)
\pgffor@iter=\dimen269
\pgffor@skip=\dimen270
\pgffor@stack=\toks39
\pgffor@toks=\toks40
)) (c:/texlive/2020/texmf-dist/tex/generic/pgf/frontendlayer/tikz/tikz.code.tex
Package: tikz 2020/01/08 v3.1.5b (3.1.5b)
 (c:/texlive/2020/texmf-dist/tex/generic/pgf/libraries/pgflibraryplothandlers.code.tex
File: pgflibraryplothandlers.code.tex 2020/01/08 v3.1.5b (3.1.5b)
\pgf@plot@mark@count=\count301
\pgfplotmarksize=\dimen271
)
\tikz@lastx=\dimen272
\tikz@lasty=\dimen273
\tikz@lastxsaved=\dimen274
\tikz@lastysaved=\dimen275
\tikz@lastmovetox=\dimen276
\tikz@lastmovetoy=\dimen277
\tikzleveldistance=\dimen278
\tikzsiblingdistance=\dimen279
\tikz@figbox=\box110
\tikz@figbox@bg=\box111
\tikz@tempbox=\box112
\tikz@tempbox@bg=\box113
\tikztreelevel=\count302
\tikznumberofchildren=\count303
\tikznumberofcurrentchild=\count304
\tikz@fig@count=\count305
 (c:/texlive/2020/texmf-dist/tex/generic/pgf/modules/pgfmodulematrix.code.tex
File: pgfmodulematrix.code.tex 2020/01/08 v3.1.5b (3.1.5b)
\pgfmatrixcurrentrow=\count306
\pgfmatrixcurrentcolumn=\count307
\pgf@matrix@numberofcolumns=\count308
)
\tikz@expandcount=\count309
 (c:/texlive/2020/texmf-dist/tex/generic/pgf/frontendlayer/tikz/libraries/tikzlibrarytopaths.code.tex
File: tikzlibrarytopaths.code.tex 2020/01/08 v3.1.5b (3.1.5b)
)))
\tcb@waterbox=\box114
 (c:/texlive/2020/texmf-dist/tex/latex/tcolorbox/tcbskinsjigsaw.code.tex
Library (tcolorbox): 'tcbskinsjigsaw.code.tex' version '4.22'
)) (c:/texlive/2020/texmf-dist/tex/latex/tcolorbox/tcbbreakable.code.tex
Library (tcolorbox): 'tcbbreakable.code.tex' version '4.22'
\tcb@testbox=\box115
\tcb@totalupperbox=\box116
\tcb@totallowerbox=\box117
) (c:/texlive/2020/texmf-dist/tex/latex/tcolorbox/tcbhooks.code.tex
Library (tcolorbox): 'tcbhooks.code.tex' version '4.22'
) (c:/texlive/2020/texmf-dist/tex/latex/tcolorbox/tcbtheorems.code.tex
Library (tcolorbox): 'tcbtheorems.code.tex' version '4.22'
) (c:/texlive/2020/texmf-dist/tex/latex/tcolorbox/tcbfitting.code.tex
Library (tcolorbox): 'tcbfitting.code.tex' version '4.22'
\tcbfitdim=\dimen280
\tcb@lowerfitdim=\dimen281
\tcb@upperfitdim=\dimen282
\tcb@cur@hbadness=\count310
) (c:/texlive/2020/texmf-dist/tex/latex/tcolorbox/tcbxparse.code.tex
Library (tcolorbox): 'tcbxparse.code.tex' version '4.22'
(c:/texlive/2020/texmf-dist/tex/latex/l3packages/xparse/xparse.sty (c:/texlive/2020/texmf-dist/tex/latex/l3kernel/expl3.sty
Package: expl3 2020-03-06 L3 programming layer (loader) 
 (c:/texlive/2020/texmf-dist/tex/latex/l3backend/l3backend-pdfmode.def
File: l3backend-pdfmode.def 2020-03-12 L3 backend support: PDF mode
\l__kernel_color_stack_int=\count311
\l__pdf_internal_box=\box118
))
Package: xparse 2020-03-06 L3 Experimental document command parser
\l__xparse_current_arg_int=\count312
\g__xparse_grabber_int=\count313
\l__xparse_m_args_int=\count314
\l__xparse_v_nesting_int=\count315
)) (c:/texlive/2020/texmf-dist/tex/latex/tcolorbox/tcblistingsutf8.code.tex
Library (tcolorbox): 'tcblistingsutf8.code.tex' version '4.22'
(c:/texlive/2020/texmf-dist/tex/latex/listingsutf8/listingsutf8.sty
Package: listingsutf8 2019-12-10 v1.5 Allow UTF-8 in listings input (HO)
 (c:/texlive/2020/texmf-dist/tex/latex/listings/listings.sty
\lst@mode=\count316
\lst@gtempboxa=\box119
\lst@token=\toks41
\lst@length=\count317
\lst@currlwidth=\dimen283
\lst@column=\count318
\lst@pos=\count319
\lst@lostspace=\dimen284
\lst@width=\dimen285
\lst@newlines=\count320
\lst@lineno=\count321
\lst@maxwidth=\dimen286
 (c:/texlive/2020/texmf-dist/tex/latex/listings/lstmisc.sty
File: lstmisc.sty 2020/03/24 1.8d (Carsten Heinz)
\c@lstnumber=\count322
\lst@skipnumbers=\count323
\lst@framebox=\box120
) (c:/texlive/2020/texmf-dist/tex/latex/listings/listings.cfg
File: listings.cfg 2020/03/24 1.8d listings configuration
))
Package: listings 2020/03/24 1.8d (Carsten Heinz)
 (c:/texlive/2020/texmf-dist/tex/generic/stringenc/stringenc.sty
Package: stringenc 2019/11/29 v1.12 Convert strings between diff. encodings (HO)
)) (c:/texlive/2020/texmf-dist/tex/latex/tcolorbox/tcblistings.code.tex
Library (tcolorbox): 'tcblistings.code.tex' version '4.22'
(c:/texlive/2020/texmf-dist/tex/latex/tcolorbox/tcblistingscore.code.tex
Library (tcolorbox): 'tcblistingscore.code.tex' version '4.22'
(c:/texlive/2020/texmf-dist/tex/latex/tcolorbox/tcbprocessing.code.tex
Library (tcolorbox): 'tcbprocessing.code.tex' version '4.22'
(c:/texlive/2020/texmf-dist/tex/latex/tools/shellesc.sty
Package: shellesc 2019/11/08 v1.0c unified shell escape interface for LaTeX
Package shellesc Info: Restricted shell escape enabled on input line 77.
))
\c@tcblisting=\count324
))) (c:/texlive/2020/texmf-dist/tex/latex/tcolorbox/tcbexternal.code.tex
Library (tcolorbox): 'tcbexternal.code.tex' version '4.22'
) (c:/texlive/2020/texmf-dist/tex/latex/tcolorbox/tcbmagazine.code.tex
Library (tcolorbox): 'tcbmagazine.code.tex' version '4.22'
) (c:/texlive/2020/texmf-dist/tex/latex/tcolorbox/tcbvignette.code.tex
Library (tcolorbox): 'tcbvignette.code.tex' version '4.22'
(c:/texlive/2020/texmf-dist/tex/generic/pgf/frontendlayer/tikz/libraries/tikzlibraryfadings.code.tex
File: tikzlibraryfadings.code.tex 2020/01/08 v3.1.5b (3.1.5b)
 (c:/texlive/2020/texmf-dist/tex/generic/pgf/libraries/pgflibraryfadings.code.tex
File: pgflibraryfadings.code.tex 2020/01/08 v3.1.5b (3.1.5b)
))) (c:/texlive/2020/texmf-dist/tex/latex/tcolorbox/tcbposter.code.tex
Library (tcolorbox): 'tcbposter.code.tex' version '4.22'
)) (c:/texlive/2020/texmf-dist/tex/latex/silence/silence.sty
Package: silence 2012/07/02 v1.5b Selective filtering of warnings and error messages
\sl@Save=\count325
\sl@StateNumber=\count326
\sl@MessageCount=\count327
\sl@Casualties=\count328
\sl@Filter=\toks42
\sl@Message=\toks43
\sl@UnexpandedMessage=\toks44
\sl@Mess@ge=\toks45
\sl@WarningCount=\count329
\sl@WarningNumber=\count330
\sl@WarningCasualties=\count331
\sl@TempBOW=\toks46
\sl@BankOfWarnings=\toks47
LaTeX Info: Redefining \GenericWarning on input line 433.
\sl@ErrorCount=\count332
\sl@ErrorNumber=\count333
\sl@ErrorCasualties=\count334
\sl@TempBOE=\toks48
\sl@BankOfErrors=\toks49
LaTeX Info: Redefining \GenericError on input line 601.
)) (c:/texlive/2020/texmf-dist/tex/latex/wasysym/wasysym.sty
Package: wasysym 2020/01/19 v2.4 Wasy-2 symbol support package
\symwasy=\mathgroup6
LaTeX Font Info:    Overwriting symbol font `wasy' in version `bold'
(Font)                  U/wasy/m/n --> U/wasy/b/n on input line 93.
) (build/1_special_relativity.aux)
\openout1 = `1_special_relativity.aux'.

LaTeX Font Info:    Checking defaults for OML/cmm/m/it on input line 6.
LaTeX Font Info:    ... okay on input line 6.
LaTeX Font Info:    Checking defaults for OMS/cmsy/m/n on input line 6.
LaTeX Font Info:    ... okay on input line 6.
LaTeX Font Info:    Checking defaults for OT1/cmr/m/n on input line 6.
LaTeX Font Info:    ... okay on input line 6.
LaTeX Font Info:    Checking defaults for T1/cmr/m/n on input line 6.
LaTeX Font Info:    ... okay on input line 6.
LaTeX Font Info:    Checking defaults for TS1/cmr/m/n on input line 6.
LaTeX Font Info:    ... okay on input line 6.
LaTeX Font Info:    Checking defaults for OMX/cmex/m/n on input line 6.
LaTeX Font Info:    ... okay on input line 6.
LaTeX Font Info:    Checking defaults for U/cmr/m/n on input line 6.
LaTeX Font Info:    ... okay on input line 6.
LaTeX Font Info:    Checking defaults for PD1/pdf/m/n on input line 6.
LaTeX Font Info:    ... okay on input line 6.
 (c:/texlive/2020/texmf-dist/tex/context/base/mkii/supp-pdf.mkii
[Loading MPS to PDF converter (version 2006.09.02).]
\scratchcounter=\count335
\scratchdimen=\dimen287
\scratchbox=\box121
\nofMPsegments=\count336
\nofMParguments=\count337
\everyMPshowfont=\toks50
\MPscratchCnt=\count338
\MPscratchDim=\dimen288
\MPnumerator=\count339
\makeMPintoPDFobject=\count340
\everyMPtoPDFconversion=\toks51
) (c:/texlive/2020/texmf-dist/tex/latex/epstopdf-pkg/epstopdf-base.sty
Package: epstopdf-base 2020-01-24 v2.11 Base part for package epstopdf
Package epstopdf-base Info: Redefining graphics rule for `.eps' on input line 485.
 (c:/texlive/2020/texmf-dist/tex/latex/latexconfig/epstopdf-sys.cfg
File: epstopdf-sys.cfg 2010/07/13 v1.3 Configuration of (r)epstopdf for TeX Live
))
LaTeX Info: Redefining \microtypecontext on input line 6.
Package microtype Info: Generating PDF output.
Package microtype Info: Character protrusion enabled (level 2).
Package microtype Info: Using default protrusion set `alltext'.
Package microtype Info: Automatic font expansion enabled (level 2),
(microtype)             stretch: 20, shrink: 20, step: 1, non-selected.
Package microtype Info: Using default expansion set `basictext'.
LaTeX Info: Redefining \showhyphens on input line 6.
Package microtype Info: No adjustment of tracking.
Package microtype Info: No adjustment of interword spacing.
Package microtype Info: No adjustment of character kerning.
 (c:/texlive/2020/texmf-dist/tex/latex/microtype/mt-cmr.cfg
File: mt-cmr.cfg 2013/05/19 v2.2 microtype config. file: Computer Modern Roman (RS)
)
*geometry* driver: auto-detecting
*geometry* detected driver: pdftex
*geometry* verbose mode - [ preamble ] result:
* driver: pdftex
* paper: <default>
* layout: <same size as paper>
* layoutoffset:(h,v)=(0.0pt,0.0pt)
* modes: heightrounded 
* h-part:(L,W,R)=(42.67912pt, 400.89935pt, 170.71652pt)
* v-part:(T,H,B)=(42.67912pt, 709.61174pt, 42.67912pt)
* \paperwidth=614.295pt
* \paperheight=794.96999pt
* \textwidth=400.89935pt
* \textheight=706.0pt
* \oddsidemargin=-29.59087pt
* \evensidemargin=-29.59087pt
* \topmargin=-66.59087pt
* \headheight=12.0pt
* \headsep=25.0pt
* \topskip=10.0pt
* \footskip=30.0pt
* \marginparwidth=142.26378pt
* \marginparsep=14.22636pt
* \columnsep=10.0pt
* \skip\footins=9.0pt plus 4.0pt minus 2.0pt
* \hoffset=0.0pt
* \voffset=0.0pt
* \mag=1000
* \@twocolumnfalse
* \@twosidefalse
* \@mparswitchfalse
* \@reversemarginfalse
* (1in=72.27pt=25.4mm, 1cm=28.453pt)

\AtBeginShipoutBox=\box122
Package hyperref Info: Link coloring ON on input line 6.
(c:/texlive/2020/texmf-dist/tex/latex/hyperref/nameref.sty
Package: nameref 2019/09/16 v2.46 Cross-referencing by name of section
 (c:/texlive/2020/texmf-dist/tex/latex/refcount/refcount.sty
Package: refcount 2019/12/15 v3.6 Data extraction from label references (HO)
) (c:/texlive/2020/texmf-dist/tex/generic/gettitlestring/gettitlestring.sty
Package: gettitlestring 2019/12/15 v1.6 Cleanup title references (HO)
)
\c@section@level=\count341
)
LaTeX Info: Redefining \ref on input line 6.
LaTeX Info: Redefining \pageref on input line 6.
LaTeX Info: Redefining \nameref on input line 6.
 (build/1_special_relativity.out) (build/1_special_relativity.out)
\@outlinefile=\write7
\openout7 = `1_special_relativity.out'.

 ABD: EveryShipout initializing macros
\c@lstlisting=\count342
 (c:/texlive/2020/texmf-dist/tex/latex/base/inputenc.sty
Package: inputenc 2018/08/11 v1.3c Input encoding file
\inpenc@prehook=\toks52
\inpenc@posthook=\toks53
)
LaTeX Font Info:    Trying to load font information for OT1+phv on input line 8.
 (c:/texlive/2020/texmf-dist/tex/latex/psnfss/ot1phv.fd
File: ot1phv.fd 2001/06/04 scalable font definitions for OT1/phv.


LaTeX Warning: Font shape declaration has incorrect series value `mc'.
               It should not contain an `m'! Please correct it.
               Found on input line 21.


LaTeX Warning: Font shape declaration has incorrect series value `mc'.
               It should not contain an `m'! Please correct it.
               Found on input line 24.


LaTeX Warning: Font shape declaration has incorrect series value `mc'.
               It should not contain an `m'! Please correct it.
               Found on input line 27.


LaTeX Warning: Font shape declaration has incorrect series value `mc'.
               It should not contain an `m'! Please correct it.
               Found on input line 47.

)
Package microtype Info: Loading generic protrusion settings for font family
(microtype)             `phv' (encoding: OT1).
(microtype)             For optimal results, create family-specific settings.
(microtype)             See the microtype manual for details.
LaTeX Font Info:    Trying to load font information for U+msa on input line 10.
 (c:/texlive/2020/texmf-dist/tex/latex/amsfonts/umsa.fd
File: umsa.fd 2013/01/14 v3.01 AMS symbols A
) (c:/texlive/2020/texmf-dist/tex/latex/microtype/mt-msa.cfg
File: mt-msa.cfg 2006/02/04 v1.1 microtype config. file: AMS symbols (a) (RS)
)
LaTeX Font Info:    Trying to load font information for U+msb on input line 10.
 (c:/texlive/2020/texmf-dist/tex/latex/amsfonts/umsb.fd
File: umsb.fd 2013/01/14 v3.01 AMS symbols B
) (c:/texlive/2020/texmf-dist/tex/latex/microtype/mt-msb.cfg
File: mt-msb.cfg 2005/06/01 v1.0 microtype config. file: AMS symbols (b) (RS)
)
LaTeX Font Info:    Trying to load font information for U+wasy on input line 10.
 (c:/texlive/2020/texmf-dist/tex/latex/wasysym/uwasy.fd
File: uwasy.fd 2020/01/19 v2.4 Wasy-2 symbol font definitions
)
<1_fig/spaceship5.png, id=119, 1735.23282pt x 618.81187pt>
File: 1_fig/spaceship5.png Graphic file (type png)
<use 1_fig/spaceship5.png>
Package pdftex.def Info: 1_fig/spaceship5.png  used on input line 12.
(pdftex.def)             Requested size: 280.62831pt x 100.06946pt.
Package marginnote Info: Margin note 1.1 is on absolute page 1 on input line 24.
Package marginnote Info: right page because not two side mode on input line 24.
Package marginnote Info: xpos seems to be 42.67912pt on input line 24.
Package marginnote Info: Margin note 1.2 is on absolute page 1 on input line 39.
Package marginnote Info: right page because not two side mode on input line 39.
Package marginnote Info: xpos seems to be 84.78098pt on input line 39.
 [1

{c:/texlive/2020/texmf-var/fonts/map/pdftex/updmap/pdftex.map} <./1_fig/spaceship5.png>]
<1_fig/galileo_relativity.png, id=137, 1067.48813pt x 549.55313pt>
File: 1_fig/galileo_relativity.png Graphic file (type png)
<use 1_fig/galileo_relativity.png>
Package pdftex.def Info: 1_fig/galileo_relativity.png  used on input line 47.
(pdftex.def)             Requested size: 280.62831pt x 144.4653pt.
Package marginnote Info: Margin note 2.1 is on absolute page 2 on input line 58.
Package marginnote Info: right page because not two side mode on input line 58.
Package marginnote Info: xpos seems to be 42.67912pt on input line 58.
Package marginnote Info: Margin note 2.2 is on absolute page 2 on input line 94.
Package marginnote Info: right page because not two side mode on input line 94.
Package marginnote Info: xpos seems to be 315.00417pt on input line 94.
 [2 <./1_fig/galileo_relativity.png>]
Package marginnote Info: Margin note 3.1 is on absolute page 3 on input line 105.
Package marginnote Info: right page because not two side mode on input line 105.
Package marginnote Info: xpos seems to be 42.67912pt on input line 105.
<1_fig/Romer_light.jpg, id=153, 105.0324pt x 181.1568pt>
File: 1_fig/Romer_light.jpg Graphic file (type jpg)
<use 1_fig/Romer_light.jpg>
Package pdftex.def Info: 1_fig/Romer_light.jpg  used on input line 105.
(pdftex.def)             Requested size: 120.51949pt x 207.86981pt.
Package marginnote Info: Margin note 3.2 is on absolute page 3 on input line 129.
Package marginnote Info: right page because not two side mode on input line 129.
Package marginnote Info: xpos seems to be 42.67912pt on input line 129.
<1_fig/light.png, id=155, 1466.47874pt x 329.73187pt>
File: 1_fig/light.png Graphic file (type png)
<use 1_fig/light.png>
Package pdftex.def Info: 1_fig/light.png  used on input line 142.
(pdftex.def)             Requested size: 223.21669pt x 49.83026pt.
 [3 <./1_fig/light.png> <./1_fig/Romer_light.jpg>]
Package marginnote Info: Margin note 4.1 is on absolute page 4 on input line 151.
Package marginnote Info: right page because not two side mode on input line 151.
Package marginnote Info: xpos seems to be 42.67912pt on input line 151.
Package marginnote Info: Margin note 4.2 is on absolute page 4 on input line 211.
Package marginnote Info: right page because not two side mode on input line 211.
Package marginnote Info: xpos seems to be 243.07843pt on input line 211.
<1_fig/phase_velocity.png, id=169, 520.94624pt x 374.90062pt>
File: 1_fig/phase_velocity.png Graphic file (type png)
<use 1_fig/phase_velocity.png>
Package pdftex.def Info: 1_fig/phase_velocity.png  used on input line 211.
(pdftex.def)             Requested size: 120.51949pt x 86.60176pt.
 [4 <./1_fig/phase_velocity.png>]
Package marginnote Info: Margin note 5.1 is on absolute page 5 on input line 219.
Package marginnote Info: right page because not two side mode on input line 219.
Package marginnote Info: xpos seems to be 42.67912pt on input line 219.
<1_fig/mm-experiment.png, id=199, 319.94531pt x 274.02374pt>
File: 1_fig/mm-experiment.png Graphic file (type png)
<use 1_fig/mm-experiment.png>
Package pdftex.def Info: 1_fig/mm-experiment.png  used on input line 230.
(pdftex.def)             Requested size: 167.40967pt x 143.38377pt.
Package marginnote Info: Margin note 5.2 is on absolute page 5 on input line 241.
Package marginnote Info: right page because not two side mode on input line 241.
Package marginnote Info: xpos seems to be 42.67912pt on input line 241.
 [5 <./1_fig/mm-experiment.png>]
Package marginnote Info: Margin note 6.1 is on absolute page 6 on input line 272.
Package marginnote Info: right page because not two side mode on input line 272.
Package marginnote Info: xpos seems to be 42.67912pt on input line 272.
Package marginnote Info: Margin note 6.2 is on absolute page 6 on input line 303.
Package marginnote Info: right page because not two side mode on input line 303.
Package marginnote Info: xpos seems to be 240.9117pt on input line 303.
Package marginnote Info: Margin note 6.3 is on absolute page 6 on input line 316.
Package marginnote Info: right page because not two side mode on input line 316.
Package marginnote Info: xpos seems to be 180.60605pt on input line 316.
 [6]
Package marginnote Info: Margin note 7.1 is on absolute page 7 on input line 333.
Package marginnote Info: right page because not two side mode on input line 333.
Package marginnote Info: xpos seems to be 42.67912pt on input line 333.
<1_fig/light_clock.png, id=215, 505.89pt x 435.12563pt>
File: 1_fig/light_clock.png Graphic file (type png)
<use 1_fig/light_clock.png>
Package pdftex.def Info: 1_fig/light_clock.png  used on input line 363.
(pdftex.def)             Requested size: 167.40967pt x 143.85469pt.
Package marginnote Info: Margin note 7.2 is on absolute page 7 on input line 363.
Package marginnote Info: right page because not two side mode on input line 363.
Package marginnote Info: xpos seems to be 245.06064pt on input line 363.
<1_fig/light_clock_car.png, id=217, 948.54375pt x 445.665pt>
File: 1_fig/light_clock_car.png Graphic file (type png)
<use 1_fig/light_clock_car.png>
Package pdftex.def Info: 1_fig/light_clock_car.png  used on input line 380.
(pdftex.def)             Requested size: 223.21669pt x 104.4991pt.
Package marginnote Info: Margin note 7.3 is on absolute page 8 on input line 380.
Package marginnote Info: right page because not two side mode on input line 380.
Package marginnote Info: xpos seems to be 311.67622pt on input line 380.
 [7 <./1_fig/light_clock.png>]
Package marginnote Info: Margin note 8.1 is on absolute page 8 on input line 388.
Package marginnote Info: right page because not two side mode on input line 388.
Package marginnote Info: xpos seems to be 42.67912pt on input line 388.
<1_fig/light_clock_B.png, id=227, 763.35187pt x 666.99188pt>
File: 1_fig/light_clock_B.png Graphic file (type png)
<use 1_fig/light_clock_B.png>
Package pdftex.def Info: 1_fig/light_clock_B.png  used on input line 433.
(pdftex.def)             Requested size: 204.61435pt x 178.71815pt.
<1_fig/light_clock_B1.png, id=229, 319.1925pt x 316.18124pt>
File: 1_fig/light_clock_B1.png Graphic file (type png)
<use 1_fig/light_clock_B1.png>
Package pdftex.def Info: 1_fig/light_clock_B1.png  used on input line 433.
(pdftex.def)             Requested size: 130.21068pt x 128.97334pt.
Package marginnote Info: Margin note 8.2 is on absolute page 8 on input line 449.
Package marginnote Info: right page because not two side mode on input line 449.
Package marginnote Info: xpos seems to be 133.40002pt on input line 449.
Package marginnote Info: Margin note 8.3 is on absolute page 9 on input line 449.
Package marginnote Info: right page because not two side mode on input line 449.
Package marginnote Info: xpos seems to be 58.3281pt on input line 449.
 [8 <./1_fig/light_clock_car.png> <./1_fig/light_clock_B.png> <./1_fig/light_clock_B1.png>]
Package marginnote Info: Margin note 9.1 is on absolute page 9 on input line 464.
Package marginnote Info: right page because not two side mode on input line 464.
Package marginnote Info: xpos seems to be 58.3281pt on input line 464.
<1_fig/frame_meaning.png, id=244, 1541.76pt x 1348.28719pt>
File: 1_fig/frame_meaning.png Graphic file (type png)
<use 1_fig/frame_meaning.png>
Package pdftex.def Info: 1_fig/frame_meaning.png  used on input line 481.
(pdftex.def)             Requested size: 217.63052pt x 190.30191pt.

Overfull \hbox (190.45642pt too wide) in paragraph at lines 481--481
[]   []
 []

[9 <./1_fig/frame_meaning.png>]
Package marginnote Info: Margin note 10.1 is on absolute page 10 on input line 491.
Package marginnote Info: right page because not two side mode on input line 491.
Package marginnote Info: xpos seems to be 42.67912pt on input line 491.
Package marginnote Info: Margin note 10.2 is on absolute page 11 on input line 540.
Package marginnote Info: right page because not two side mode on input line 540.
Package marginnote Info: xpos seems to be 141.98723pt on input line 540.
<1_fig/grenade.png, id=254, 701.62125pt x 317.68687pt>
File: 1_fig/grenade.png Graphic file (type png)
<use 1_fig/grenade.png>
Package pdftex.def Info: 1_fig/grenade.png  used on input line 540.
(pdftex.def)             Requested size: 111.60834pt x 50.35678pt.
 [10] [11 <./1_fig/grenade.png>]
Package marginnote Info: Margin note 12.1 is on absolute page 12 on input line 569.
Package marginnote Info: right page because not two side mode on input line 569.
Package marginnote Info: xpos seems to be 60.46078pt on input line 569.
Package marginnote Info: Margin note 12.2 is on absolute page 12 on input line 587.
Package marginnote Info: right page because not two side mode on input line 587.
Package marginnote Info: xpos seems to be 58.3281pt on input line 587.
<1_fig/grenade_length_contraction.png, id=269, 372.64218pt x 175.40532pt>
File: 1_fig/grenade_length_contraction.png Graphic file (type png)
<use 1_fig/grenade_length_contraction.png>
Package pdftex.def Info: 1_fig/grenade_length_contraction.png  used on input line 587.
(pdftex.def)             Requested size: 130.21068pt x 61.29106pt.
<1_fig/light_ruler.png, id=270, 948.54375pt x 445.665pt>
File: 1_fig/light_ruler.png Graphic file (type png)
<use 1_fig/light_ruler.png>
Package pdftex.def Info: 1_fig/light_ruler.png  used on input line 632.
(pdftex.def)             Requested size: 186.01201pt x 87.07921pt.
<1_fig/light_ruler_2.png, id=272, 862.72313pt x 594.72188pt>
File: 1_fig/light_ruler_2.png Graphic file (type png)
<use 1_fig/light_ruler_2.png>
Package pdftex.def Info: 1_fig/light_ruler_2.png  used on input line 632.
(pdftex.def)             Requested size: 223.21669pt x 153.7061pt.
Package marginnote Info: Margin note 12.3 is on absolute page 13 on input line 632.
Package marginnote Info: right page because not two side mode on input line 632.
Package marginnote Info: xpos seems to be 83.30145pt on input line 632.
 [12 <./1_fig/grenade_length_contraction.png>]
Package marginnote Info: Margin note 13.1 is on absolute page 13 on input line 637.
Package marginnote Info: right page because not two side mode on input line 637.
Package marginnote Info: xpos seems to be 42.67912pt on input line 637.
Package marginnote Info: Margin note 13.2 is on absolute page 14 on input line 663.
Package marginnote Info: right page because not two side mode on input line 663.
Package marginnote Info: xpos seems to be 121.68108pt on input line 663.
 [13 <./1_fig/light_ruler.png> <./1_fig/light_ruler_2.png>]
Package marginnote Info: Margin note 14.1 is on absolute page 14 on input line 706.
Package marginnote Info: right page because not two side mode on input line 706.
Package marginnote Info: xpos seems to be 42.67912pt on input line 706.
<1_fig/st_ground.png, id=304, 1395.71437pt x 548.0475pt>
File: 1_fig/st_ground.png Graphic file (type png)
<use 1_fig/st_ground.png>
Package pdftex.def Info: 1_fig/st_ground.png  used on input line 718.
(pdftex.def)             Requested size: 148.80733pt x 58.42892pt.
Package marginnote Info: Margin note 14.2 is on absolute page 14 on input line 718.
Package marginnote Info: right page because not two side mode on input line 718.
Package marginnote Info: xpos seems to be 210.46875pt on input line 718.
Package marginnote Info: Margin note 14.3 is on absolute page 14 on input line 726.
Package marginnote Info: right page because not two side mode on input line 726.
Package marginnote Info: xpos seems to be 42.67912pt on input line 726.
<1_fig/st_diag_ground.png, id=305, 1317.42188pt x 1035.87pt>
File: 1_fig/st_diag_ground.png Graphic file (type png)
<use 1_fig/st_diag_ground.png>
Package pdftex.def Info: 1_fig/st_diag_ground.png  used on input line 747.
(pdftex.def)             Requested size: 148.80733pt x 116.99661pt.
 [14 <./1_fig/st_ground.png>]
<1_fig/st_car.png, id=314, 1826.32312pt x 619.56468pt>
File: 1_fig/st_car.png Graphic file (type png)
<use 1_fig/st_car.png>
Package pdftex.def Info: 1_fig/st_car.png  used on input line 777.
(pdftex.def)             Requested size: 204.61435pt x 69.40967pt.
<1_fig/st_diag_car.png, id=315, 1304.62407pt x 995.21812pt>
File: 1_fig/st_diag_car.png Graphic file (type png)
<use 1_fig/st_diag_car.png>
Package pdftex.def Info: 1_fig/st_diag_car.png  used on input line 777.
(pdftex.def)             Requested size: 130.21068pt x 99.33022pt.
Package marginnote Info: Margin note 15.1 is on absolute page 15 on input line 777.
Package marginnote Info: right page because not two side mode on input line 777.
Package marginnote Info: xpos seems to be 58.3281pt on input line 777.
<1_fig/equal_time_simplified.png, id=316, 949.29657pt x 881.54344pt>
File: 1_fig/equal_time_simplified.png Graphic file (type png)
<use 1_fig/equal_time_simplified.png>
Package pdftex.def Info: 1_fig/equal_time_simplified.png  used on input line 790.
(pdftex.def)             Requested size: 130.21068pt x 120.9133pt.
 [15 <./1_fig/st_diag_ground.png> <./1_fig/st_car.png> <./1_fig/st_diag_car.png>]
Package marginnote Info: Margin note 16.1 is on absolute page 16 on input line 793.
Package marginnote Info: right page because not two side mode on input line 793.
Package marginnote Info: xpos seems to be 42.67912pt on input line 793.
<1_fig/same_time_twin.png, id=329, 737.75626pt x 995.97093pt>
File: 1_fig/same_time_twin.png Graphic file (type png)
<use 1_fig/same_time_twin.png>
Package pdftex.def Info: 1_fig/same_time_twin.png  used on input line 807.
(pdftex.def)             Requested size: 111.60834pt x 150.66576pt.
Package marginnote Info: Margin note 16.2 is on absolute page 16 on input line 832.
Package marginnote Info: right page because not two side mode on input line 832.
Package marginnote Info: xpos seems to be 133.13371pt on input line 832.
<1_fig/thunder.png, id=330, 240.14719pt x 207.77625pt>
File: 1_fig/thunder.png Graphic file (type png)
<use 1_fig/thunder.png>
Package pdftex.def Info: 1_fig/thunder.png  used on input line 832.
(pdftex.def)             Requested size: 55.80133pt x 48.27893pt.
Package marginnote Info: Margin note 16.3 is on absolute page 16 on input line 832.
Package marginnote Info: right page because not two side mode on input line 832.
Package marginnote Info: xpos seems to be 58.3281pt on input line 832.
 [16 <./1_fig/equal_time_simplified.png> <./1_fig/same_time_twin.png> <./1_fig/thunder.png>]
Package marginnote Info: Margin note 17.1 is on absolute page 17 on input line 839.
Package marginnote Info: right page because not two side mode on input line 839.
Package marginnote Info: xpos seems to be 42.67912pt on input line 839.
<1_fig/sr_consistent_causality.png, id=340, 890.5772pt x 662.475pt>
File: 1_fig/sr_consistent_causality.png Graphic file (type png)
<use 1_fig/sr_consistent_causality.png>
Package pdftex.def Info: 1_fig/sr_consistent_causality.png  used on input line 868.
(pdftex.def)             Requested size: 148.80733pt x 110.68852pt.
Package marginnote Info: Margin note 17.2 is on absolute page 17 on input line 868.
Package marginnote Info: right page because not two side mode on input line 868.
Package marginnote Info: xpos seems to be 58.3281pt on input line 868.
Package marginnote Info: Margin note 17.3 is on absolute page 17 on input line 881.
Package marginnote Info: right page because not two side mode on input line 881.
Package marginnote Info: xpos seems to be 75.55034pt on input line 881.
<1_fig/lightcones.png, id=341, 193.47281pt x 228.10219pt>
File: 1_fig/lightcones.png Graphic file (type png)
<use 1_fig/lightcones.png>
Package pdftex.def Info: 1_fig/lightcones.png  used on input line 881.
(pdftex.def)             Requested size: 111.60834pt x 131.58583pt.
<1_fig/ABrod.png, id=342, 1101.36469pt x 243.91125pt>
File: 1_fig/ABrod.png Graphic file (type png)
<use 1_fig/ABrod.png>
Package pdftex.def Info: 1_fig/ABrod.png  used on input line 892.
(pdftex.def)             Requested size: 297.62036pt x 65.91273pt.
 [17 <./1_fig/sr_consistent_causality.png> <./1_fig/lightcones.png>]
Package marginnote Info: Margin note 18.1 is on absolute page 18 on input line 905.
Package marginnote Info: right page because not two side mode on input line 905.
Package marginnote Info: xpos seems to be 90.57811pt on input line 905.
<1_fig/space_time_null_like.png, id=349, 525.46312pt x 371.13657pt>
File: 1_fig/space_time_null_like.png Graphic file (type png)
<use 1_fig/space_time_null_like.png>
Package pdftex.def Info: 1_fig/space_time_null_like.png  used on input line 905.
(pdftex.def)             Requested size: 130.21068pt x 91.96841pt.
<1_fig/ladder.png, id=350, 677.53125pt x 165.61874pt>
File: 1_fig/ladder.png Graphic file (type png)
<use 1_fig/ladder.png>
Package pdftex.def Info: 1_fig/ladder.png  used on input line 944.
(pdftex.def)             Requested size: 260.41568pt x 63.65852pt.
Package marginnote Info: Margin note 18.2 is on absolute page 18 on input line 944.
Package marginnote Info: right page because not two side mode on input line 944.
Package marginnote Info: xpos seems to be 58.3281pt on input line 944.
<1_fig/ladderA.png, id=351, 374.90062pt x 170.13562pt>
File: 1_fig/ladderA.png Graphic file (type png)
<use 1_fig/ladderA.png>
Package pdftex.def Info: 1_fig/ladderA.png  used on input line 944.
(pdftex.def)             Requested size: 93.006pt x 42.20668pt.
Package marginnote Info: Margin note 18.3 is on absolute page 18 on input line 944.
Package marginnote Info: right page because not two side mode on input line 944.
Package marginnote Info: xpos seems to be 58.3281pt on input line 944.
<1_fig/ladderB.png, id=352, 229.60782pt x 161.10187pt>
File: 1_fig/ladderB.png Graphic file (type png)
<use 1_fig/ladderB.png>
Package pdftex.def Info: 1_fig/ladderB.png  used on input line 944.
(pdftex.def)             Requested size: 74.40366pt x 52.20506pt.
<1_fig/garage_st.png, id=353, 1011.78pt x 621.07031pt>
File: 1_fig/garage_st.png Graphic file (type png)
<use 1_fig/garage_st.png>
Package pdftex.def Info: 1_fig/garage_st.png  used on input line 944.
(pdftex.def)             Requested size: 279.01802pt x 171.27344pt.

Overfull \hbox (101.16861pt too wide) in paragraph at lines 944--944
[][]   []
 []

[18 <./1_fig/ABrod.png> <./1_fig/space_time_null_like.png> <./1_fig/ladder.png> <./1_fig/ladderA.png> <./1_fig/ladderB.png>]
Package marginnote Info: Margin note 19.1 is on absolute page 19 on input line 959.
Package marginnote Info: right page because not two side mode on input line 959.
Package marginnote Info: xpos seems to be 61.86583pt on input line 959.
<1_fig/garage_door.png, id=363, 660.96938pt x 143.03438pt>
File: 1_fig/garage_door.png Graphic file (type png)
<use 1_fig/garage_door.png>
Package pdftex.def Info: 1_fig/garage_door.png  used on input line 959.
(pdftex.def)             Requested size: 260.41568pt x 56.355pt.
<1_fig/trap.png, id=364, 1112.65688pt x 239.39438pt>
File: 1_fig/trap.png Graphic file (type png)
<use 1_fig/trap.png>
Package pdftex.def Info: 1_fig/trap.png  used on input line 969.
(pdftex.def)             Requested size: 260.41568pt x 56.0312pt.
 [19 <./1_fig/garage_st.png> <./1_fig/garage_door.png> <./1_fig/trap.png>]
<1_fig/light_paradox.png, id=375, 258.9675pt x 118.94438pt>
File: 1_fig/light_paradox.png Graphic file (type png)
<use 1_fig/light_paradox.png>
Package pdftex.def Info: 1_fig/light_paradox.png  used on input line 979.
(pdftex.def)             Requested size: 223.21669pt x 102.52791pt.
<1_fig/st_trans.png, id=376, 386.19281pt x 391.4625pt>
File: 1_fig/st_trans.png Graphic file (type png)
<use 1_fig/st_trans.png>
Package pdftex.def Info: 1_fig/st_trans.png  used on input line 1015.
(pdftex.def)             Requested size: 111.60834pt x 113.12697pt.
<1_fig/ss_trans.png, id=377, 499.8675pt x 454.69875pt>
File: 1_fig/ss_trans.png Graphic file (type png)
<use 1_fig/ss_trans.png>
Package pdftex.def Info: 1_fig/ss_trans.png  used on input line 1015.
(pdftex.def)             Requested size: 167.40967pt x 152.27818pt.
 [20 <./1_fig/light_paradox.png> <./1_fig/st_trans.png>]
Package marginnote Info: Margin note 21.1 is on absolute page 21 on input line 1020.
Package marginnote Info: right page because not two side mode on input line 1020.
Package marginnote Info: xpos seems to be 42.67912pt on input line 1020.
<1_fig/rr1_reduced.png, id=385, 566.115pt x 434.37282pt>
File: 1_fig/rr1_reduced.png Graphic file (type png)
<use 1_fig/rr1_reduced.png>
Package pdftex.def Info: 1_fig/rr1_reduced.png  used on input line 1046.
(pdftex.def)             Requested size: 130.21068pt x 99.90364pt.
<1_fig/st_space_trans.png, id=386, 386.94562pt x 481.8pt>
File: 1_fig/st_space_trans.png Graphic file (type png)
<use 1_fig/st_space_trans.png>
Package pdftex.def Info: 1_fig/st_space_trans.png  used on input line 1046.
(pdftex.def)             Requested size: 130.21068pt x 162.1263pt.
Package marginnote Info: Margin note 21.2 is on absolute page 21 on input line 1051.
Package marginnote Info: right page because not two side mode on input line 1051.
Package marginnote Info: xpos seems to be 42.67912pt on input line 1051.
 [21 <./1_fig/ss_trans.png> <./1_fig/rr1_reduced.png> <./1_fig/st_space_trans.png>]
Package marginnote Info: Margin note 22.1 is on absolute page 22 on input line 1071.
Package marginnote Info: right page because not two side mode on input line 1071.
Package marginnote Info: xpos seems to be 42.67912pt on input line 1071.
Package marginnote Info: Margin note 22.2 is on absolute page 22 on input line 1108.
Package marginnote Info: right page because not two side mode on input line 1108.
Package marginnote Info: xpos seems to be 42.67912pt on input line 1108.
 [22]
<1_fig/surf_geo.png, id=415, 2230.58344pt x 699.36281pt>
File: 1_fig/surf_geo.png Graphic file (type png)
<use 1_fig/surf_geo.png>
Package pdftex.def Info: 1_fig/surf_geo.png  used on input line 1172.
(pdftex.def)             Requested size: 260.41568pt x 81.6469pt.
Package marginnote Info: Margin note 23.1 is on absolute page 23 on input line 1175.
Package marginnote Info: right page because not two side mode on input line 1175.
Package marginnote Info: xpos seems to be 42.67912pt on input line 1175.
<1_fig/st_geometry.png, id=416, 438.8897pt x 389.95688pt>
File: 1_fig/st_geometry.png Graphic file (type png)
<use 1_fig/st_geometry.png>
Package pdftex.def Info: 1_fig/st_geometry.png  used on input line 1175.
(pdftex.def)             Requested size: 120.27103pt x 106.86063pt.
Package marginnote Info: Margin note 23.2 is on absolute page 24 on input line 1192.
Package marginnote Info: right page because not two side mode on input line 1192.
Package marginnote Info: xpos seems to be 386.13347pt on input line 1192.
<1_fig/st_right_tri.png, id=417, 168.63pt x 213.04594pt>
File: 1_fig/st_right_tri.png Graphic file (type png)
<use 1_fig/st_right_tri.png>
Package pdftex.def Info: 1_fig/st_right_tri.png  used on input line 1192.
(pdftex.def)             Requested size: 37.20467pt x 47.00352pt.
Package marginnote Info: Margin note 23.3 is on absolute page 24 on input line 1192.
Package marginnote Info: right page because not two side mode on input line 1192.
Package marginnote Info: xpos seems to be 374.13419pt on input line 1192.
 [23 <./1_fig/surf_geo.png> <./1_fig/st_geometry.png>]
Package marginnote Info: Margin note 24.1 is on absolute page 24 on input line 1202.
Package marginnote Info: right page because not two side mode on input line 1202.
Package marginnote Info: xpos seems to be 42.67912pt on input line 1202.
Package marginnote Info: Margin note 24.2 is on absolute page 24 on input line 1242.
Package marginnote Info: right page because not two side mode on input line 1242.
Package marginnote Info: xpos seems to be 114.48483pt on input line 1242.
Package marginnote Info: Margin note 24.3 is on absolute page 24 on input line 1252.
Package marginnote Info: right page because not two side mode on input line 1252.
Package marginnote Info: xpos seems to be 58.3281pt on input line 1252.
 [24 <./1_fig/st_right_tri.png>]
Package marginnote Info: Margin note 25.1 is on absolute page 25 on input line 1273.
Package marginnote Info: right page because not two side mode on input line 1273.
Package marginnote Info: xpos seems to be 58.3281pt on input line 1273.
<1_fig/natural_unit_rot.png, id=440, 378.66469pt x 277.035pt>
File: 1_fig/natural_unit_rot.png Graphic file (type png)
<use 1_fig/natural_unit_rot.png>
Package pdftex.def Info: 1_fig/natural_unit_rot.png  used on input line 1273.
(pdftex.def)             Requested size: 111.60834pt x 81.65274pt.
Package marginnote Info: Margin note 25.2 is on absolute page 25 on input line 1273.
Package marginnote Info: right page because not two side mode on input line 1273.
Package marginnote Info: xpos seems to be 58.3281pt on input line 1273.
Package marginnote Info: Margin note 25.3 is on absolute page 25 on input line 1304.
Package marginnote Info: right page because not two side mode on input line 1304.
Package marginnote Info: xpos seems to be 351.33485pt on input line 1304.
Package marginnote Info: Margin note 25.4 is on absolute page 25 on input line 1304.
Package marginnote Info: right page because not two side mode on input line 1304.
Package marginnote Info: xpos seems to be 337.06485pt on input line 1304.
Package marginnote Info: Margin note 25.5 is on absolute page 25 on input line 1304.
Package marginnote Info: right page because not two side mode on input line 1304.
Package marginnote Info: xpos seems to be 58.3281pt on input line 1304.
<1_fig/touch_elephant.png, id=441, 581.17125pt x 234.8775pt>
File: 1_fig/touch_elephant.png Graphic file (type png)
<use 1_fig/touch_elephant.png>
Package pdftex.def Info: 1_fig/touch_elephant.png  used on input line 1304.
(pdftex.def)             Requested size: 156.2494pt x 63.14539pt.

Overfull \hbox (13.98563pt too wide) in paragraph at lines 1304--1304
[]  
 []

[25 <./1_fig/natural_unit_rot.png> <./1_fig/touch_elephant.png>]
Package marginnote Info: Margin note 26.1 is on absolute page 26 on input line 1321.
Package marginnote Info: right page because not two side mode on input line 1321.
Package marginnote Info: xpos seems to be 42.67912pt on input line 1321.
Package marginnote Info: Margin note 26.2 is on absolute page 26 on input line 1360.
Package marginnote Info: right page because not two side mode on input line 1360.
Package marginnote Info: xpos seems to be 255.1879pt on input line 1360.
<1_fig/polarbear.png, id=451, 638.385pt x 510.40688pt>
File: 1_fig/polarbear.png Graphic file (type png)
<use 1_fig/polarbear.png>
Package pdftex.def Info: 1_fig/polarbear.png  used on input line 1360.
(pdftex.def)             Requested size: 111.60834pt x 89.22908pt.
Package marginnote Info: Margin note 26.3 is on absolute page 26 on input line 1382.
Package marginnote Info: right page because not two side mode on input line 1382.
Package marginnote Info: xpos seems to be 74.451pt on input line 1382.
 [26 <./1_fig/polarbear.png>]
Package marginnote Info: Margin note 27.1 is on absolute page 27 on input line 1432.
Package marginnote Info: right page because not two side mode on input line 1432.
Package marginnote Info: xpos seems to be 58.3281pt on input line 1432.
Package marginnote Info: Margin note 27.2 is on absolute page 28 on input line 1432.
Package marginnote Info: right page because not two side mode on input line 1432.
Package marginnote Info: xpos seems to be 110.80608pt on input line 1432.
 [27]
Package marginnote Info: Margin note 28.1 is on absolute page 28 on input line 1435.
Package marginnote Info: right page because not two side mode on input line 1435.
Package marginnote Info: xpos seems to be 42.67912pt on input line 1435.
Package marginnote Info: Margin note 28.2 is on absolute page 28 on input line 1443.
Package marginnote Info: right page because not two side mode on input line 1443.
Package marginnote Info: xpos seems to be 42.67912pt on input line 1443.
 [28]
Package marginnote Info: Margin note 29.1 is on absolute page 29 on input line 1490.
Package marginnote Info: right page because not two side mode on input line 1490.
Package marginnote Info: xpos seems to be 287.49515pt on input line 1490.
Package marginnote Info: Margin note 29.2 is on absolute page 29 on input line 1490.
Package marginnote Info: right page because not two side mode on input line 1490.
Package marginnote Info: xpos seems to be 113.66153pt on input line 1490.
 [29]
Package marginnote Info: Margin note 30.1 is on absolute page 30 on input line 1516.
Package marginnote Info: right page because not two side mode on input line 1516.
Package marginnote Info: xpos seems to be 42.67912pt on input line 1516.
<1_fig/e-split.png, id=496, 1208.26407pt x 323.70938pt>
File: 1_fig/e-split.png Graphic file (type png)
<use 1_fig/e-split.png>
Package pdftex.def Info: 1_fig/e-split.png  used on input line 1535.
(pdftex.def)             Requested size: 186.01201pt x 49.8336pt.
Package marginnote Info: Margin note 30.2 is on absolute page 30 on input line 1564.
Package marginnote Info: right page because not two side mode on input line 1564.
Package marginnote Info: xpos seems to be 218.16872pt on input line 1564.
Package marginnote Info: Margin note 30.3 is on absolute page 30 on input line 1564.
Package marginnote Info: right page because not two side mode on input line 1564.
Package marginnote Info: xpos seems to be 61.66142pt on input line 1564.
Package marginnote Info: Margin note 30.4 is on absolute page 30 on input line 1564.
Package marginnote Info: right page because not two side mode on input line 1564.
Package marginnote Info: xpos seems to be 58.3281pt on input line 1564.
 [30 <./1_fig/e-split.png>]
Package marginnote Info: Margin note 31.1 is on absolute page 31 on input line 1567.
Package marginnote Info: right page because not two side mode on input line 1567.
Package marginnote Info: xpos seems to be 42.67912pt on input line 1567.
Package marginnote Info: Margin note 31.2 is on absolute page 31 on input line 1586.
Package marginnote Info: right page because not two side mode on input line 1586.
Package marginnote Info: xpos seems to be 42.67912pt on input line 1586.
Package marginnote Info: Margin note 31.3 is on absolute page 32 on input line 1610.
Package marginnote Info: right page because not two side mode on input line 1610.
Package marginnote Info: xpos seems to be 84.69116pt on input line 1610.
 [31]
<1_fig/summary_relativity.png, id=527, 1608.76031pt x 891.33pt>
File: 1_fig/summary_relativity.png Graphic file (type png)
<use 1_fig/summary_relativity.png>
Package pdftex.def Info: 1_fig/summary_relativity.png  used on input line 1616.
(pdftex.def)             Requested size: 521.17038pt x 288.75398pt.

Overfull \hbox (120.27103pt too wide) in paragraph at lines 1616--1617
[][] 
 []

<1_fig/magnet-conductor-paradox.png, id=535, 1530.46782pt x 774.64406pt>
File: 1_fig/magnet-conductor-paradox.png Graphic file (type png)
<use 1_fig/magnet-conductor-paradox.png>
Package pdftex.def Info: 1_fig/magnet-conductor-paradox.png  used on input line 1656.
(pdftex.def)             Requested size: 372.02403pt x 188.2942pt.
<1_fig/e_and_m.png, id=536, 1939.245pt x 674.52pt>
File: 1_fig/e_and_m.png Graphic file (type png)
<use 1_fig/e_and_m.png>
Package pdftex.def Info: 1_fig/e_and_m.png  used on input line 1656.
(pdftex.def)             Requested size: 372.02403pt x 129.3952pt.
[32 <./1_fig/summary_relativity.png>] [33 <./1_fig/magnet-conductor-paradox.png> <./1_fig/e_and_m.png>]
Package marginnote Info: Margin note 34.1 is on absolute page 34 on input line 1674.
Package marginnote Info: right page because not two side mode on input line 1674.
Package marginnote Info: xpos seems to be 42.67912pt on input line 1674.
<1_fig/E1.pdf, id=553, 569.05505pt x 284.52759pt>
File: 1_fig/E1.pdf Graphic file (type pdf)
<use 1_fig/E1.pdf>
Package pdftex.def Info: 1_fig/E1.pdf  used on input line 1674.
(pdftex.def)             Requested size: 100.22484pt x 77.27065pt.
Package marginnote Info: Margin note 34.2 is on absolute page 34 on input line 1686.
Package marginnote Info: right page because not two side mode on input line 1686.
Package marginnote Info: xpos seems to be 42.67912pt on input line 1686.
<1_fig/earth-sun.png, id=556, 383.93437pt x 338.01282pt>
File: 1_fig/earth-sun.png Graphic file (type png)
<use 1_fig/earth-sun.png>
Package pdftex.def Info: 1_fig/earth-sun.png  used on input line 1686.
(pdftex.def)             Requested size: 100.22484pt x 88.17136pt.
 [34 <./1_fig/E1.pdf> <./1_fig/earth-sun.png>] [35] (build/1_special_relativity.ind) [36]

Package imakeidx Warning: Remember to run (pdf)latex again after calling
(imakeidx)                `makeindex 1_special_relativity.idx'.

Package atveryend Info: Empty hook `BeforeClearDocument' on input line 1755.
Package atveryend Info: Empty hook `AfterLastShipout' on input line 1755.
(build/1_special_relativity.aux)
Package atveryend Info: Executing hook `AtVeryEndDocument' on input line 1755.
Package atveryend Info: Executing hook `AtEndAfterFileList' on input line 1755.
Package rerunfilecheck Info: File `1_special_relativity.out' has not changed.
(rerunfilecheck)             Checksum: 504AEE4FF31BB5C8E8B1DF835A829818;1222.
 ) 
Here is how much of TeX's memory you used:
 28354 strings out of 480608
 556043 string characters out of 5907536
 943198 words of memory out of 5000000
 43353 multiletter control sequences out of 15000+600000
 558433 words of font info for 167 fonts, out of 8000000 for 9000
 1141 hyphenation exceptions out of 8191
 67i,17n,105p,1268b,2093s stack positions out of 5000i,500n,10000p,200000b,80000s
{c:/texlive/2020/texmf-dist/fonts/enc/dvips/cm-super/cm-super-ts1.enc}{c:/texlive/2020/texmf-dist/fonts/enc/dvips/base/8r.enc}<c:/texlive/2020/texmf-dist/fonts/type1/public/amsfonts/cm/cmbx10.pfb><c:/texlive/2020/texmf-dist/fonts/type1/public/amsfonts/cm/cmbx8.pfb><c:/texlive/2020/texmf-dist/fonts/type1/public/amsfonts/cm/cmex10.pfb><c:/texlive/2020/texmf-dist/fonts/type1/public/amsfonts/cmextra/cmex8.pfb><c:/texlive/2020/texmf-dist/fonts/type1/public/amsfonts/cm/cmmi10.pfb><c:/texlive/2020/texmf-dist/fonts/type1/public/amsfonts/cm/cmmi5.pfb><c:/texlive/2020/texmf-dist/fonts/type1/public/amsfonts/cm/cmmi6.pfb><c:/texlive/2020/texmf-dist/fonts/type1/public/amsfonts/cm/cmmi7.pfb><c:/texlive/2020/texmf-dist/fonts/type1/public/amsfonts/cm/cmmi8.pfb><c:/texlive/2020/texmf-dist/fonts/type1/public/amsfonts/cm/cmr10.pfb><c:/texlive/2020/texmf-dist/fonts/type1/public/amsfonts/cm/cmr5.pfb><c:/texlive/2020/texmf-dist/fonts/type1/public/amsfonts/cm/cmr6.pfb><c:/texlive/2020/texmf-dist/fonts/type1/public/amsfonts/cm/cmr7.pfb><c:/texlive/2020/texmf-dist/fonts/type1/public/amsfonts/cm/cmr8.pfb><c:/texlive/2020/texmf-dist/fonts/type1/public/amsfonts/cm/cmsy10.pfb><c:/texlive/2020/texmf-dist/fonts/type1/public/amsfonts/cm/cmsy5.pfb><c:/texlive/2020/texmf-dist/fonts/type1/public/amsfonts/cm/cmsy6.pfb><c:/texlive/2020/texmf-dist/fonts/type1/public/amsfonts/cm/cmsy7.pfb><c:/texlive/2020/texmf-dist/fonts/type1/public/amsfonts/cm/cmsy8.pfb><c:/texlive/2020/texmf-dist/fonts/type1/public/amsfonts/cm/cmti10.pfb><c:/texlive/2020/texmf-dist/fonts/type1/public/amsfonts/cm/cmti8.pfb><c:/texlive/2020/texmf-dist/fonts/type1/public/amsfonts/symbols/msam10.pfb><c:/texlive/2020/texmf-dist/fonts/type1/public/amsfonts/symbols/msbm10.pfb><c:/texlive/2020/texmf-dist/fonts/type1/public/cm-super/sfrm1000.pfb><c:/texlive/2020/texmf-dist/fonts/type1/urw/helvetic/uhvb8a.pfb><c:/texlive/2020/texmf-dist/fonts/type1/urw/helvetic/uhvr8a.pfb><c:/texlive/2020/texmf-dist/fonts/type1/public/wasy-type1/wasy8.pfb>
Output written on build/1_special_relativity.pdf (36 pages, 4272293 bytes).
PDF statistics:
 740 PDF objects out of 1000 (max. 8388607)
 518 compressed objects within 6 object streams
 140 named destinations out of 1000 (max. 500000)
 19044 words of extra memory for PDF output out of 20736 (max. 10000000)

